<?xml version="1.0" encoding="UTF-8"?>
<!-- Generated by org.testng.reporters.JUnitReportReporter -->
<testsuite hostname="Suchismita" failures="0" tests="3" name="com.runners.RunnerForCalculator" time="0.110" errors="0" timestamp="2023-03-03T23:44:04 MST" skipped="0">
  <testcase classname="com.runners.RunnerForCalculator" name="runScenario" time="0.011"/>
  <system-out/>
  <testcase classname="com.runners.RunnerForCalculator" name="runScenario" time="0.006"/>
  <system-out/>
  <testcase classname="com.runners.RunnerForCalculator" name="runScenario" time="0.093"/>
  <system-out/>
</testsuite> <!-- com.runners.RunnerForCalculator -->
