<?xml version="1.0" encoding="UTF-8"?>
<!-- Generated by org.testng.reporters.JUnitReportReporter -->
<testsuite hostname="Suchismita" failures="0" tests="1" name="com.runners.RunnerForFireBase" time="12.132" errors="0" timestamp="2023-02-28T16:23:12 MST" skipped="0">
  <testcase classname="com.runners.RunnerForFireBase" name="runScenario" time="12.132"/>
  <system-out/>
</testsuite> <!-- com.runners.RunnerForFireBase -->
