<?xml version="1.0" encoding="UTF-8"?>
<!-- Generated by org.testng.reporters.JUnitReportReporter -->
<testsuite hostname="Suchismita" failures="0" tests="1" name="RunnerForCalculator" time="0.100" errors="0" timestamp="2023-02-28T09:38:34 MST" skipped="0">
  <testcase classname="RunnerForCalculator" name="runScenario" time="0.100"/>
  <system-out/>
</testsuite> <!-- RunnerForCalculator -->
